0 info it worked if it ends with ok
1 verbose cli [ 'C:\\Program Files\\nodejs\\node.exe',
1 verbose cli   'C:\\Program Files\\nodejs\\node_modules\\npm\\bin\\npm-cli.js',
1 verbose cli   'install',
1 verbose cli   'bootstrap-material-datetimepicker' ]
2 info using npm@2.14.12
3 info using node@v4.3.1
4 verbose install initial load of D:\wamp\www\contactlist\package.json
5 verbose installManyTop reading scoped package data from D:\wamp\www\contactlist\node_modules\bower\package.json
6 verbose installManyTop reading scoped package data from D:\wamp\www\contactlist\node_modules\firebase\package.json
7 verbose installManyTop reading scoped package data from D:\wamp\www\contactlist\node_modules\http-server\package.json
8 verbose installManyTop reading scoped package data from D:\wamp\www\contactlist\node_modules\jasmine-core\package.json
9 verbose installManyTop reading scoped package data from D:\wamp\www\contactlist\node_modules\karma\package.json
10 verbose installManyTop reading scoped package data from D:\wamp\www\contactlist\node_modules\karma-chrome-launcher\package.json
11 verbose installManyTop reading scoped package data from D:\wamp\www\contactlist\node_modules\karma-firefox-launcher\package.json
12 verbose installManyTop reading scoped package data from D:\wamp\www\contactlist\node_modules\karma-jasmine\package.json
13 verbose installManyTop reading scoped package data from D:\wamp\www\contactlist\node_modules\karma-junit-reporter\package.json
14 verbose installManyTop reading scoped package data from D:\wamp\www\contactlist\node_modules\protractor\package.json
15 verbose readDependencies loading dependencies from D:\wamp\www\contactlist\package.json
16 silly cache add args [ 'bootstrap-material-datetimepicker', null ]
17 verbose cache add spec bootstrap-material-datetimepicker
18 silly cache add parsed spec Result {
18 silly cache add   raw: 'bootstrap-material-datetimepicker',
18 silly cache add   scope: null,
18 silly cache add   name: 'bootstrap-material-datetimepicker',
18 silly cache add   rawSpec: '',
18 silly cache add   spec: 'latest',
18 silly cache add   type: 'tag' }
19 silly addNamed bootstrap-material-datetimepicker@latest
20 verbose addNamed "latest" is being treated as a dist-tag for bootstrap-material-datetimepicker
21 info addNameTag [ 'bootstrap-material-datetimepicker', 'latest' ]
22 silly mapToRegistry name bootstrap-material-datetimepicker
23 silly mapToRegistry using default registry
24 silly mapToRegistry registry https://registry.npmjs.org/
25 silly mapToRegistry uri https://registry.npmjs.org/bootstrap-material-datetimepicker
26 verbose addNameTag registry:https://registry.npmjs.org/bootstrap-material-datetimepicker not in flight; fetching
27 verbose request uri https://registry.npmjs.org/bootstrap-material-datetimepicker
28 verbose request no auth needed
29 info attempt registry request try #1 at 12:44:51
30 verbose request id 6798fa76a796750d
31 http request GET https://registry.npmjs.org/bootstrap-material-datetimepicker
32 http 404 https://registry.npmjs.org/bootstrap-material-datetimepicker
33 verbose headers { 'content-type': 'application/json',
33 verbose headers   'cache-control': 'max-age=0',
33 verbose headers   'content-length': '2',
33 verbose headers   'accept-ranges': 'bytes',
33 verbose headers   date: 'Fri, 16 Dec 2016 14:44:52 GMT',
33 verbose headers   via: '1.1 varnish',
33 verbose headers   age: '0',
33 verbose headers   connection: 'keep-alive',
33 verbose headers   'x-served-by': 'cache-gru7120-GRU',
33 verbose headers   'x-cache': 'MISS',
33 verbose headers   'x-cache-hits': '0',
33 verbose headers   'x-timer': 'S1481899491.228920,VS0,VE953',
33 verbose headers   vary: 'Accept-Encoding' }
34 silly get cb [ 404,
34 silly get   { 'content-type': 'application/json',
34 silly get     'cache-control': 'max-age=0',
34 silly get     'content-length': '2',
34 silly get     'accept-ranges': 'bytes',
34 silly get     date: 'Fri, 16 Dec 2016 14:44:52 GMT',
34 silly get     via: '1.1 varnish',
34 silly get     age: '0',
34 silly get     connection: 'keep-alive',
34 silly get     'x-served-by': 'cache-gru7120-GRU',
34 silly get     'x-cache': 'MISS',
34 silly get     'x-cache-hits': '0',
34 silly get     'x-timer': 'S1481899491.228920,VS0,VE953',
34 silly get     vary: 'Accept-Encoding' } ]
35 verbose stack Error: Registry returned 404 for GET on https://registry.npmjs.org/bootstrap-material-datetimepicker
35 verbose stack     at makeError (C:\Program Files\nodejs\node_modules\npm\node_modules\npm-registry-client\lib\request.js:264:12)
35 verbose stack     at CachingRegistryClient.<anonymous> (C:\Program Files\nodejs\node_modules\npm\node_modules\npm-registry-client\lib\request.js:242:14)
35 verbose stack     at Request._callback (C:\Program Files\nodejs\node_modules\npm\node_modules\npm-registry-client\lib\request.js:172:14)
35 verbose stack     at Request.self.callback (C:\Program Files\nodejs\node_modules\npm\node_modules\request\request.js:198:22)
35 verbose stack     at emitTwo (events.js:87:13)
35 verbose stack     at Request.emit (events.js:172:7)
35 verbose stack     at Request.<anonymous> (C:\Program Files\nodejs\node_modules\npm\node_modules\request\request.js:1082:10)
35 verbose stack     at emitOne (events.js:82:20)
35 verbose stack     at Request.emit (events.js:169:7)
35 verbose stack     at IncomingMessage.<anonymous> (C:\Program Files\nodejs\node_modules\npm\node_modules\request\request.js:1009:12)
36 verbose statusCode 404
37 verbose pkgid bootstrap-material-datetimepicker
38 verbose cwd D:\wamp\www\contactlist\app
39 error Windows_NT 10.0.14393
40 error argv "C:\\Program Files\\nodejs\\node.exe" "C:\\Program Files\\nodejs\\node_modules\\npm\\bin\\npm-cli.js" "install" "bootstrap-material-datetimepicker"
41 error node v4.3.1
42 error npm  v2.14.12
43 error code E404
44 error 404 Registry returned 404 for GET on https://registry.npmjs.org/bootstrap-material-datetimepicker
44 error 404
44 error 404 'bootstrap-material-datetimepicker' is not in the npm registry.
44 error 404 You should bug the author to publish it (or use the name yourself!)
44 error 404 It was specified as a dependency of 'contactlist'
44 error 404
44 error 404 Note that you can also install from a
44 error 404 tarball, folder, http url, or git url.
45 verbose exit [ 1, true ]
